<?xml version="1.0" encoding="UTF-8"?>
<!-- Generated by org.testng.reporters.JUnitXMLReporter -->
<testsuite ignored="1" hostname="GOWTHAMVASUDEVAN" failures="0" tests="11" name="Default test" time="135.899" errors="0" timestamp="28 Dec 2020 17:27:51 GMT">
  <testcase classname="org.test.FlipkartExe" name="testcase4" time="14.802"/>
  <testcase classname="org.test.FlipkartExe" name="testcase6" time="1.564"/>
  <testcase classname="org.test.FlipkartExe" name="testcase6" time="1.19"/>
  <testcase classname="org.test.FlipkartExe" name="testcase6" time="0.97"/>
  <testcase classname="org.test.FlipkartExe" name="testcase2" time="0.992"/>
  <testcase classname="org.test.FlipkartExe" name="testcase2" time="1.249"/>
  <testcase classname="org.test.FlipkartExe" name="testcase2" time="1.327"/>
  <testcase classname="org.test.FlipkartExe" name="testcase2" time="0.902"/>
  <testcase classname="org.test.FlipkartExe" name="testcase5" time="0.996"/>
  <testcase classname="org.test.FlipkartExe" name="testcase1" time="7.71"/>
  <testcase classname="org.test.FlipkartExe" name="testcase1" time="1.391"/>
  <testcase classname="org.test.FlipkartExe" name="testcase3" time="0.0">
    <ignored/>
  </testcase> <!-- testcase3 -->
</testsuite> <!-- Default test -->
